2023/05/13 21:19:10 [info] 11#11 discovery started
2023/05/13 21:19:10 [notice] 11#11 module: php 8.2.6 "/usr/lib/unit/modules/php.unit.so"
2023/05/13 21:19:10 [info] 10#10 controller started
2023/05/13 21:19:10 [notice] 10#10 process 11 exited with code 0
2023/05/13 21:19:10 [info] 14#14 router started
2023/05/13 21:19:10 [info] 14#14 OpenSSL 1.1.1n  15 Mar 2022, 101010ef
2023/05/13 21:19:10 [info] 22#22 "php" prototype started
2023/05/13 21:19:10 [info] 23#23 "php" application started
2023/05/13 21:19:10 [notice] 10#10 process 13 exited with code 0
2023/05/13 21:19:10 [notice] 10#10 process 14 exited with code 0
2023/05/13 21:19:10 [notice] 22#22 app process 23 exited with code 0
2023/05/13 21:19:10 [alert] 22#22 sendmsg(13, -1, -1, 2) failed (32: Broken pipe)
2023/05/13 21:19:10 [notice] 10#10 process 22 exited with code 0
2023/05/13 21:19:11 [info] 43#43 discovery started
2023/05/13 21:19:11 [notice] 43#43 module: php 8.2.6 "/usr/lib/unit/modules/php.unit.so"
2023/05/13 21:19:11 [info] 1#1 controller started
2023/05/13 21:19:11 [notice] 1#1 process 43 exited with code 0
2023/05/13 21:19:11 [info] 45#45 router started
2023/05/13 21:19:11 [info] 45#45 OpenSSL 1.1.1n  15 Mar 2022, 101010ef
2023/05/13 21:19:11 [info] 46#46 "php" prototype started
2023/05/13 21:19:11 [info] 47#47 "php" application started
2023/05/13 21:29:03 [notice] 1#1 process 44 exited with code 0
2023/05/13 21:29:03 [notice] 1#1 process 45 exited with code 0
2023/05/13 21:29:03 [notice] 46#46 app process 47 exited with code 0
2023/05/13 21:29:03 [alert] 46#46 sendmsg(13, -1, -1, 2) failed (32: Broken pipe)
2023/05/13 21:29:03 [notice] 1#1 process 46 exited with code 0
